# JRE version: OpenJDK Runtime Environment AdoptOpenJDK (11.0.10+9) (build 11.0.10+9)
# Java VM: OpenJDK 64-Bit Server VM AdoptOpenJDK (11.0.10+9, mixed mode, tiered, compressed oops, g1 gc, windows-amd64)
Heap:
 garbage-first heap   total 425984K, used 147134K [0x00000000a1400000, 0x0000000100000000)
  region size 1024K, 36 young (36864K), 10 survivors (10240K)
 Metaspace       used 44511K, capacity 46776K, committed 47104K, reserved 1089536K
  class space    used 5864K, capacity 6824K, committed 6912K, reserved 1048576K
GC Heap History (20 events):
Event: 7.604 GC heap before
{Heap before GC invocations=18 (full 0):
 garbage-first heap   total 98304K, used 78644K [0x00000000a1400000, 0x0000000100000000)
  region size 1024K, 41 young (41984K), 4 survivors (4096K)
 Metaspace       used 41661K, capacity 43772K, committed 44032K, reserved 1087488K
  class space    used 5692K, capacity 6623K, committed 6656K, reserved 1048576K
}
Event: 7.608 GC heap after
{Heap after GC invocations=19 (full 0):
 garbage-first heap   total 119808K, used 43959K [0x00000000a1400000, 0x0000000100000000)
  region size 1024K, 4 young (4096K), 4 survivors (4096K)
 Metaspace       used 41661K, capacity 43772K, committed 44032K, reserved 1087488K
  class space    used 5692K, capacity 6623K, committed 6656K, reserved 1048576K
}
Event: 7.666 GC heap before
{Heap before GC invocations=19 (full 0):
 garbage-first heap   total 119808K, used 84919K [0x00000000a1400000, 0x0000000100000000)
  region size 1024K, 45 young (46080K), 4 survivors (4096K)
 Metaspace       used 41669K, capacity 43772K, committed 44032K, reserved 1087488K
  class space    used 5692K, capacity 6623K, committed 6656K, reserved 1048576K
}
Event: 7.670 GC heap after
{Heap after GC invocations=20 (full 0):
 garbage-first heap   total 119808K, used 45433K [0x00000000a1400000, 0x0000000100000000)
  region size 1024K, 4 young (4096K), 4 survivors (4096K)
 Metaspace       used 41669K, capacity 43772K, committed 44032K, reserved 1087488K
  class space    used 5692K, capacity 6623K, committed 6656K, reserved 1048576K
}
Event: 7.723 GC heap before
{Heap before GC invocations=20 (full 0):
 garbage-first heap   total 119808K, used 91513K [0x00000000a1400000, 0x0000000100000000)
  region size 1024K, 51 young (52224K), 4 survivors (4096K)
 Metaspace       used 41673K, capacity 43772K, committed 44032K, reserved 1087488K
  class space    used 5692K, capacity 6623K, committed 6656K, reserved 1048576K
}
Event: 7.727 GC heap after
{Heap after GC invocations=21 (full 0):
 garbage-first heap   total 119808K, used 46762K [0x00000000a1400000, 0x0000000100000000)
  region size 1024K, 6 young (6144K), 6 survivors (6144K)
 Metaspace       used 41673K, capacity 43772K, committed 44032K, reserved 1087488K
  class space    used 5692K, capacity 6623K, committed 6656K, reserved 1048576K
}
Event: 7.777 GC heap before
{Heap before GC invocations=21 (full 0):
 garbage-first heap   total 119808K, used 93866K [0x00000000a1400000, 0x0000000100000000)
  region size 1024K, 53 young (54272K), 6 survivors (6144K)
 Metaspace       used 41675K, capacity 43774K, committed 44032K, reserved 1087488K
  class space    used 5692K, capacity 6623K, committed 6656K, reserved 1048576K
}
Event: 7.782 GC heap after
{Heap after GC invocations=22 (full 0):
 garbage-first heap   total 119808K, used 48059K [0x00000000a1400000, 0x0000000100000000)
  region size 1024K, 5 young (5120K), 5 survivors (5120K)
 Metaspace       used 41675K, capacity 43774K, committed 44032K, reserved 1087488K
  class space    used 5692K, capacity 6623K, committed 6656K, reserved 1048576K
}
Event: 8.058 GC heap before
{Heap before GC invocations=22 (full 0):
 garbage-first heap   total 119808K, used 95163K [0x00000000a1400000, 0x0000000100000000)
  region size 1024K, 52 young (53248K), 5 survivors (5120K)
 Metaspace       used 42201K, capacity 44332K, committed 44544K, reserved 1087488K
  class space    used 5736K, capacity 6637K, committed 6656K, reserved 1048576K
}
Event: 8.071 GC heap after
{Heap after GC invocations=23 (full 0):
 garbage-first heap   total 212992K, used 52201K [0x00000000a1400000, 0x0000000100000000)
  region size 1024K, 7 young (7168K), 7 survivors (7168K)
 Metaspace       used 42201K, capacity 44332K, committed 44544K, reserved 1087488K
  class space    used 5736K, capacity 6637K, committed 6656K, reserved 1048576K
}
Event: 8.373 GC heap before
{Heap before GC invocations=23 (full 0):
 garbage-first heap   total 212992K, used 135145K [0x00000000a1400000, 0x0000000100000000)
  region size 1024K, 88 young (90112K), 7 survivors (7168K)
 Metaspace       used 42373K, capacity 44569K, committed 44928K, reserved 1087488K
  class space    used 5751K, capacity 6673K, committed 6784K, reserved 1048576K
}
Event: 8.395 GC heap after
{Heap after GC invocations=24 (full 0):
 garbage-first heap   total 212992K, used 63732K [0x00000000a1400000, 0x0000000100000000)
  region size 1024K, 11 young (11264K), 11 survivors (11264K)
 Metaspace       used 42373K, capacity 44569K, committed 44928K, reserved 1087488K
  class space    used 5751K, capacity 6673K, committed 6784K, reserved 1048576K
}
Event: 8.555 GC heap before
{Heap before GC invocations=24 (full 0):
 garbage-first heap   total 212992K, used 147700K [0x00000000a1400000, 0x0000000100000000)
  region size 1024K, 94 young (96256K), 11 survivors (11264K)
 Metaspace       used 42401K, capacity 44581K, committed 44928K, reserved 1087488K
  class space    used 5752K, capacity 6676K, committed 6784K, reserved 1048576K
}
Event: 8.568 GC heap after
{Heap after GC invocations=25 (full 0):
 garbage-first heap   total 212992K, used 70983K [0x00000000a1400000, 0x0000000100000000)
  region size 1024K, 7 young (7168K), 7 survivors (7168K)
 Metaspace       used 42401K, capacity 44581K, committed 44928K, reserved 1087488K
  class space    used 5752K, capacity 6676K, committed 6784K, reserved 1048576K
}
Event: 8.637 GC heap before
{Heap before GC invocations=25 (full 0):
 garbage-first heap   total 212992K, used 155975K [0x00000000a1400000, 0x0000000100000000)
  region size 1024K, 91 young (93184K), 7 survivors (7168K)
 Metaspace       used 42402K, capacity 44581K, committed 44928K, reserved 1087488K
  class space    used 5752K, capacity 6676K, committed 6784K, reserved 1048576K
}
Event: 8.642 GC heap after
{Heap after GC invocations=26 (full 0):
 garbage-first heap   total 212992K, used 72880K [0x00000000a1400000, 0x0000000100000000)
  region size 1024K, 9 young (9216K), 9 survivors (9216K)
 Metaspace       used 42402K, capacity 44581K, committed 44928K, reserved 1087488K
  class space    used 5752K, capacity 6676K, committed 6784K, reserved 1048576K
}
Event: 8.720 GC heap before
{Heap before GC invocations=26 (full 0):
 garbage-first heap   total 212992K, used 161968K [0x00000000a1400000, 0x0000000100000000)
  region size 1024K, 97 young (99328K), 9 survivors (9216K)
 Metaspace       used 42402K, capacity 44581K, committed 44928K, reserved 1087488K
  class space    used 5752K, capacity 6676K, committed 6784K, reserved 1048576K
}
Event: 8.734 GC heap after
{Heap after GC invocations=27 (full 0):
 garbage-first heap   total 425984K, used 75544K [0x00000000a1400000, 0x0000000100000000)
  region size 1024K, 6 young (6144K), 6 survivors (6144K)
 Metaspace       used 42402K, capacity 44581K, committed 44928K, reserved 1087488K
  class space    used 5752K, capacity 6676K, committed 6784K, reserved 1048576K
}
Event: 10.022 GC heap before
{Heap before GC invocations=27 (full 0):
 garbage-first heap   total 425984K, used 369432K [0x00000000a1400000, 0x0000000100000000)
  region size 1024K, 249 young (254976K), 6 survivors (6144K)
 Metaspace       used 43049K, capacity 45234K, committed 45440K, reserved 1087488K
  class space    used 5804K, capacity 6745K, committed 6784K, reserved 1048576K
}
Event: 10.032 GC heap after
{Heap after GC invocations=28 (full 0):
 garbage-first heap   total 425984K, used 79550K [0x00000000a1400000, 0x0000000100000000)
  region size 1024K, 10 young (10240K), 10 survivors (10240K)
 Metaspace       used 43049K, capacity 45234K, committed 45440K, reserved 1087488K
  class space    used 5804K, capacity 6745K, committed 6784K, reserved 1048576K
}

